This is XeTeX, Version 3.141592653-2.6-0.999993 (TeX Live 2022/dev/Debian) (preloaded format=xelatex 2026.2.12)  15 FEB 2026 20:57
entering extended mode
 restricted \write18 enabled.
 %&-line parsing enabled.
**bachelor-thesis.tex
(./bachelor-thesis.tex
LaTeX2e <2021-11-15> patch level 1
L3 programming layer <2022-01-21>

! LaTeX Error: File `pma-bthesis.cls' not found.

Type X to quit or <RETURN> to proceed,
or enter new name. (Default extension: cls)

Enter file name: 
! Emergency stop.
<read *> 
         
l.2 \begin
          {document}^^M
End of file on the terminal!

 
Here is how much of TeX's memory you used:
 23 strings out of 476191
 448 string characters out of 5812072
 298139 words of memory out of 5000000
 20862 multiletter control sequences out of 15000+600000
 469259 words of font info for 28 fonts, out of 8000000 for 9000
 1348 hyphenation exceptions out of 8191
 19i,0n,29p,78b,17s stack positions out of 5000i,500n,10000p,200000b,80000s
No pages of output.
